[0.123s] [34mcolcon[0m [1;30mDEBUG[0m [32mCommand line arguments: ['/usr/bin/colcon', 'build', '--symlink-install'][0m
[0.123s] [34mcolcon[0m [1;30mDEBUG[0m [32mParsed command line arguments: Namespace(log_base=None, log_level=None, verb_name='build', build_base='build', install_base='install', merge_install=False, symlink_install=True, test_result_base=None, continue_on_error=False, executor='parallel', parallel_workers=12, event_handlers=None, ignore_user_meta=False, metas=['./colcon.meta'], base_paths=['.'], packages_ignore=None, packages_ignore_regex=None, paths=None, packages_up_to=None, packages_up_to_regex=None, packages_above=None, packages_above_and_dependencies=None, packages_above_depth=None, packages_select_by_dep=None, packages_skip_by_dep=None, packages_skip_up_to=None, packages_select_build_failed=False, packages_skip_build_finished=False, packages_select_test_failures=False, packages_skip_test_passed=False, packages_select=None, packages_skip=None, packages_select_regex=None, packages_skip_regex=None, packages_start=None, packages_end=None, allow_overriding=[], cmake_args=None, cmake_target=None, cmake_target_skip_unavailable=False, cmake_clean_cache=False, cmake_clean_first=False, cmake_force_configure=False, ament_cmake_args=None, catkin_cmake_args=None, catkin_skip_building_tests=False, mixin_files=None, mixin=None, verb_parser=<colcon_mixin.mixin.mixin_argument.MixinArgumentDecorator object at 0x78b52779f4f0>, verb_extension=<colcon_core.verb.build.BuildVerb object at 0x78b52779eb30>, main=<bound method BuildVerb.main of <colcon_core.verb.build.BuildVerb object at 0x78b52779eb30>>, mixin_verb=('build',))[0m
[0.189s] [34mcolcon.colcon_core.package_discovery[0m [1;30mLevel 1[0m discover_packages(colcon_meta) check parameters
[0.189s] [34mcolcon.colcon_core.package_discovery[0m [1;30mLevel 1[0m discover_packages(recursive) check parameters
[0.189s] [34mcolcon.colcon_core.package_discovery[0m [1;30mLevel 1[0m discover_packages(ignore) check parameters
[0.189s] [34mcolcon.colcon_core.package_discovery[0m [1;30mLevel 1[0m discover_packages(path) check parameters
[0.189s] [34mcolcon.colcon_core.package_discovery[0m [1;30mLevel 1[0m discover_packages(colcon_meta) discover
[0.189s] [34mcolcon.colcon_core.package_discovery[0m [1;30mLevel 1[0m discover_packages(recursive) discover
[0.189s] [34mcolcon.colcon_core.package_discovery[0m [1;30mINFO[0m Crawling recursively for packages in '/home/llagoeiro/Desktop/FEI/9_semestre/ELD050-SISTEMAS EMBARCADOS/projeto/ros2_ws'
[0.189s] [34mcolcon.colcon_core.package_identification[0m [1;30mLevel 1[0m _identify(.) by extensions ['ignore', 'ignore_ament_install']
[0.190s] [34mcolcon.colcon_core.package_identification[0m [1;30mLevel 1[0m _identify(.) by extension 'ignore'
[0.190s] [34mcolcon.colcon_core.package_identification[0m [1;30mLevel 1[0m _identify(.) by extension 'ignore_ament_install'
[0.190s] [34mcolcon.colcon_core.package_identification[0m [1;30mLevel 1[0m _identify(.) by extensions ['colcon_pkg']
[0.190s] [34mcolcon.colcon_core.package_identification[0m [1;30mLevel 1[0m _identify(.) by extension 'colcon_pkg'
[0.190s] [34mcolcon.colcon_core.package_identification[0m [1;30mLevel 1[0m _identify(.) by extensions ['colcon_meta']
[0.190s] [34mcolcon.colcon_core.package_identification[0m [1;30mLevel 1[0m _identify(.) by extension 'colcon_meta'
[0.190s] [34mcolcon.colcon_core.package_identification[0m [1;30mLevel 1[0m _identify(.) by extensions ['ros']
[0.190s] [34mcolcon.colcon_core.package_identification[0m [1;30mLevel 1[0m _identify(.) by extension 'ros'
[0.219s] [34mcolcon.colcon_core.package_identification[0m [1;30mLevel 1[0m _identify(.) by extensions ['cmake', 'python']
[0.219s] [34mcolcon.colcon_core.package_identification[0m [1;30mLevel 1[0m _identify(.) by extension 'cmake'
[0.219s] [34mcolcon.colcon_core.package_identification[0m [1;30mLevel 1[0m _identify(.) by extension 'python'
[0.219s] [34mcolcon.colcon_core.package_identification[0m [1;30mLevel 1[0m _identify(.) by extensions ['python_setup_py']
[0.219s] [34mcolcon.colcon_core.package_identification[0m [1;30mLevel 1[0m _identify(.) by extension 'python_setup_py'
[0.219s] [34mcolcon.colcon_core.package_identification[0m [1;30mLevel 1[0m _identify(build) by extensions ['ignore', 'ignore_ament_install']
[0.220s] [34mcolcon.colcon_core.package_identification[0m [1;30mLevel 1[0m _identify(build) by extension 'ignore'
[0.220s] [34mcolcon.colcon_core.package_identification[0m [1;30mLevel 1[0m _identify(build) ignored
[0.220s] [34mcolcon.colcon_core.package_identification[0m [1;30mLevel 1[0m _identify(install) by extensions ['ignore', 'ignore_ament_install']
[0.220s] [34mcolcon.colcon_core.package_identification[0m [1;30mLevel 1[0m _identify(install) by extension 'ignore'
[0.220s] [34mcolcon.colcon_core.package_identification[0m [1;30mLevel 1[0m _identify(install) ignored
[0.220s] [34mcolcon.colcon_core.package_identification[0m [1;30mLevel 1[0m _identify(log) by extensions ['ignore', 'ignore_ament_install']
[0.220s] [34mcolcon.colcon_core.package_identification[0m [1;30mLevel 1[0m _identify(log) by extension 'ignore'
[0.220s] [34mcolcon.colcon_core.package_identification[0m [1;30mLevel 1[0m _identify(log) ignored
[0.220s] [34mcolcon.colcon_core.package_identification[0m [1;30mLevel 1[0m _identify(src) by extensions ['ignore', 'ignore_ament_install']
[0.220s] [34mcolcon.colcon_core.package_identification[0m [1;30mLevel 1[0m _identify(src) by extension 'ignore'
[0.220s] [34mcolcon.colcon_core.package_identification[0m [1;30mLevel 1[0m _identify(src) by extension 'ignore_ament_install'
[0.220s] [34mcolcon.colcon_core.package_identification[0m [1;30mLevel 1[0m _identify(src) by extensions ['colcon_pkg']
[0.220s] [34mcolcon.colcon_core.package_identification[0m [1;30mLevel 1[0m _identify(src) by extension 'colcon_pkg'
[0.220s] [34mcolcon.colcon_core.package_identification[0m [1;30mLevel 1[0m _identify(src) by extensions ['colcon_meta']
[0.220s] [34mcolcon.colcon_core.package_identification[0m [1;30mLevel 1[0m _identify(src) by extension 'colcon_meta'
[0.221s] [34mcolcon.colcon_core.package_identification[0m [1;30mLevel 1[0m _identify(src) by extensions ['ros']
[0.221s] [34mcolcon.colcon_core.package_identification[0m [1;30mLevel 1[0m _identify(src) by extension 'ros'
[0.221s] [34mcolcon.colcon_core.package_identification[0m [1;30mLevel 1[0m _identify(src) by extensions ['cmake', 'python']
[0.221s] [34mcolcon.colcon_core.package_identification[0m [1;30mLevel 1[0m _identify(src) by extension 'cmake'
[0.221s] [34mcolcon.colcon_core.package_identification[0m [1;30mLevel 1[0m _identify(src) by extension 'python'
[0.221s] [34mcolcon.colcon_core.package_identification[0m [1;30mLevel 1[0m _identify(src) by extensions ['python_setup_py']
[0.221s] [34mcolcon.colcon_core.package_identification[0m [1;30mLevel 1[0m _identify(src) by extension 'python_setup_py'
[0.221s] [34mcolcon.colcon_core.package_identification[0m [1;30mLevel 1[0m _identify(src/ros2_mqtt) by extensions ['ignore', 'ignore_ament_install']
[0.221s] [34mcolcon.colcon_core.package_identification[0m [1;30mLevel 1[0m _identify(src/ros2_mqtt) by extension 'ignore'
[0.221s] [34mcolcon.colcon_core.package_identification[0m [1;30mLevel 1[0m _identify(src/ros2_mqtt) by extension 'ignore_ament_install'
[0.221s] [34mcolcon.colcon_core.package_identification[0m [1;30mLevel 1[0m _identify(src/ros2_mqtt) by extensions ['colcon_pkg']
[0.221s] [34mcolcon.colcon_core.package_identification[0m [1;30mLevel 1[0m _identify(src/ros2_mqtt) by extension 'colcon_pkg'
[0.221s] [34mcolcon.colcon_core.package_identification[0m [1;30mLevel 1[0m _identify(src/ros2_mqtt) by extensions ['colcon_meta']
[0.221s] [34mcolcon.colcon_core.package_identification[0m [1;30mLevel 1[0m _identify(src/ros2_mqtt) by extension 'colcon_meta'
[0.221s] [34mcolcon.colcon_core.package_identification[0m [1;30mLevel 1[0m _identify(src/ros2_mqtt) by extensions ['ros']
[0.221s] [34mcolcon.colcon_core.package_identification[0m [1;30mLevel 1[0m _identify(src/ros2_mqtt) by extension 'ros'
[0.224s] [34mcolcon.colcon_core.package_identification[0m [1;30mDEBUG[0m [32mPackage 'src/ros2_mqtt' with type 'ros.ament_python' and name 'ros2_mqtt'[0m
[0.224s] [34mcolcon.colcon_core.package_discovery[0m [1;30mLevel 1[0m discover_packages(recursive) using defaults
[0.225s] [34mcolcon.colcon_core.package_discovery[0m [1;30mLevel 1[0m discover_packages(ignore) discover
[0.225s] [34mcolcon.colcon_core.package_discovery[0m [1;30mLevel 1[0m discover_packages(ignore) using defaults
[0.225s] [34mcolcon.colcon_core.package_discovery[0m [1;30mLevel 1[0m discover_packages(path) discover
[0.225s] [34mcolcon.colcon_core.package_discovery[0m [1;30mLevel 1[0m discover_packages(path) using defaults
[0.245s] [34mcolcon.colcon_core.package_discovery[0m [1;30mLevel 1[0m discover_packages(prefix_path) check parameters
[0.245s] [34mcolcon.colcon_core.package_discovery[0m [1;30mLevel 1[0m discover_packages(prefix_path) discover
[0.249s] [34mcolcon.colcon_installed_package_information.package_discovery[0m [1;30mDEBUG[0m [32mFound 400 installed packages in /opt/ros/humble[0m
[0.251s] [34mcolcon.colcon_core.package_discovery[0m [1;30mLevel 1[0m discover_packages(prefix_path) using defaults
[0.317s] [34mcolcon.colcon_core.verb[0m [1;30mLevel 5[0m set package 'ros2_mqtt' build argument 'cmake_args' from command line to 'None'
[0.317s] [34mcolcon.colcon_core.verb[0m [1;30mLevel 5[0m set package 'ros2_mqtt' build argument 'cmake_target' from command line to 'None'
[0.317s] [34mcolcon.colcon_core.verb[0m [1;30mLevel 5[0m set package 'ros2_mqtt' build argument 'cmake_target_skip_unavailable' from command line to 'False'
[0.317s] [34mcolcon.colcon_core.verb[0m [1;30mLevel 5[0m set package 'ros2_mqtt' build argument 'cmake_clean_cache' from command line to 'False'
[0.317s] [34mcolcon.colcon_core.verb[0m [1;30mLevel 5[0m set package 'ros2_mqtt' build argument 'cmake_clean_first' from command line to 'False'
[0.317s] [34mcolcon.colcon_core.verb[0m [1;30mLevel 5[0m set package 'ros2_mqtt' build argument 'cmake_force_configure' from command line to 'False'
[0.317s] [34mcolcon.colcon_core.verb[0m [1;30mLevel 5[0m set package 'ros2_mqtt' build argument 'ament_cmake_args' from command line to 'None'
[0.317s] [34mcolcon.colcon_core.verb[0m [1;30mLevel 5[0m set package 'ros2_mqtt' build argument 'catkin_cmake_args' from command line to 'None'
[0.317s] [34mcolcon.colcon_core.verb[0m [1;30mLevel 5[0m set package 'ros2_mqtt' build argument 'catkin_skip_building_tests' from command line to 'False'
[0.317s] [34mcolcon.colcon_core.verb[0m [1;30mDEBUG[0m [32mBuilding package 'ros2_mqtt' with the following arguments: {'ament_cmake_args': None, 'build_base': '/home/llagoeiro/Desktop/FEI/9_semestre/ELD050-SISTEMAS EMBARCADOS/projeto/ros2_ws/build/ros2_mqtt', 'catkin_cmake_args': None, 'catkin_skip_building_tests': False, 'cmake_args': None, 'cmake_clean_cache': False, 'cmake_clean_first': False, 'cmake_force_configure': False, 'cmake_target': None, 'cmake_target_skip_unavailable': False, 'install_base': '/home/llagoeiro/Desktop/FEI/9_semestre/ELD050-SISTEMAS EMBARCADOS/projeto/ros2_ws/install/ros2_mqtt', 'merge_install': False, 'path': '/home/llagoeiro/Desktop/FEI/9_semestre/ELD050-SISTEMAS EMBARCADOS/projeto/ros2_ws/src/ros2_mqtt', 'symlink_install': True, 'test_result_base': None}[0m
[0.317s] [34mcolcon.colcon_core.executor[0m [1;30mINFO[0m Executing jobs using 'parallel' executor
[0.319s] [34mcolcon.colcon_parallel_executor.executor.parallel[0m [1;30mDEBUG[0m [32mrun_until_complete[0m
[0.319s] [34mcolcon.colcon_ros.task.ament_python.build[0m [1;30mINFO[0m Building ROS package in '/home/llagoeiro/Desktop/FEI/9_semestre/ELD050-SISTEMAS EMBARCADOS/projeto/ros2_ws/src/ros2_mqtt' with build type 'ament_python'
[0.320s] [34mcolcon.colcon_core.shell[0m [1;30mLevel 1[0m create_environment_hook('ros2_mqtt', 'ament_prefix_path')
[0.324s] [34mcolcon.colcon_core.plugin_system[0m [1;30mINFO[0m Skipping extension 'colcon_core.shell.bat': Not used on non-Windows systems
[0.324s] [34mcolcon.colcon_core.shell[0m [1;30mINFO[0m Creating environment hook '/home/llagoeiro/Desktop/FEI/9_semestre/ELD050-SISTEMAS EMBARCADOS/projeto/ros2_ws/install/ros2_mqtt/share/ros2_mqtt/hook/ament_prefix_path.ps1'
[0.325s] [34mcolcon.colcon_core.shell[0m [1;30mINFO[0m Creating environment descriptor '/home/llagoeiro/Desktop/FEI/9_semestre/ELD050-SISTEMAS EMBARCADOS/projeto/ros2_ws/install/ros2_mqtt/share/ros2_mqtt/hook/ament_prefix_path.dsv'
[0.326s] [34mcolcon.colcon_core.shell[0m [1;30mINFO[0m Creating environment hook '/home/llagoeiro/Desktop/FEI/9_semestre/ELD050-SISTEMAS EMBARCADOS/projeto/ros2_ws/install/ros2_mqtt/share/ros2_mqtt/hook/ament_prefix_path.sh'
[0.327s] [34mcolcon.colcon_core.shell[0m [1;30mINFO[0m Skip shell extension 'powershell' for command environment: Not usable outside of PowerShell
[0.327s] [34mcolcon.colcon_core.shell[0m [1;30mDEBUG[0m [32mSkip shell extension 'dsv' for command environment[0m
[0.542s] [34mcolcon.colcon_core.task.python.build[0m [1;30mINFO[0m Building Python package in '/home/llagoeiro/Desktop/FEI/9_semestre/ELD050-SISTEMAS EMBARCADOS/projeto/ros2_ws/src/ros2_mqtt'
[0.542s] [34mcolcon.colcon_core.shell[0m [1;30mINFO[0m Skip shell extension 'powershell' for command environment: Not usable outside of PowerShell
[0.542s] [34mcolcon.colcon_core.shell[0m [1;30mDEBUG[0m [32mSkip shell extension 'dsv' for command environment[0m
[1.158s] [34mcolcon.colcon_core.event_handler.log_command[0m [1;30mDEBUG[0m [32mInvoking command in '/home/llagoeiro/Desktop/FEI/9_semestre/ELD050-SISTEMAS EMBARCADOS/projeto/ros2_ws/build/ros2_mqtt': PYTHONPATH=/home/llagoeiro/Desktop/FEI/9_semestre/ELD050-SISTEMAS EMBARCADOS/projeto/ros2_ws/build/ros2_mqtt/prefix_override:/usr/lib/python3/dist-packages/colcon_core/task/python/colcon_distutils_commands:/home/llagoeiro/Desktop/FEI/9_semestre/ELD050-SISTEMAS EMBARCADOS/projeto/ros2_ws/install/ros2_mqtt/lib/python3.10/site-packages:${PYTHONPATH} /usr/bin/python3 -W ignore:setup.py install is deprecated -W ignore:easy_install command is deprecated setup.py develop --editable --build-directory /home/llagoeiro/Desktop/FEI/9_semestre/ELD050-SISTEMAS EMBARCADOS/projeto/ros2_ws/build/ros2_mqtt/build --no-deps symlink_data[0m
[2.147s] [34mcolcon.colcon_core.shell[0m [1;30mLevel 1[0m create_environment_hook('ros2_mqtt', 'pythonpath_develop')
[2.148s] [34mcolcon.colcon_core.shell[0m [1;30mINFO[0m Creating environment hook '/home/llagoeiro/Desktop/FEI/9_semestre/ELD050-SISTEMAS EMBARCADOS/projeto/ros2_ws/build/ros2_mqtt/share/ros2_mqtt/hook/pythonpath_develop.ps1'
[2.149s] [34mcolcon.colcon_core.event_handler.log_command[0m [1;30mDEBUG[0m [32mInvoked command in '/home/llagoeiro/Desktop/FEI/9_semestre/ELD050-SISTEMAS EMBARCADOS/projeto/ros2_ws/build/ros2_mqtt' returned '0': PYTHONPATH=/home/llagoeiro/Desktop/FEI/9_semestre/ELD050-SISTEMAS EMBARCADOS/projeto/ros2_ws/build/ros2_mqtt/prefix_override:/usr/lib/python3/dist-packages/colcon_core/task/python/colcon_distutils_commands:/home/llagoeiro/Desktop/FEI/9_semestre/ELD050-SISTEMAS EMBARCADOS/projeto/ros2_ws/install/ros2_mqtt/lib/python3.10/site-packages:${PYTHONPATH} /usr/bin/python3 -W ignore:setup.py install is deprecated -W ignore:easy_install command is deprecated setup.py develop --editable --build-directory /home/llagoeiro/Desktop/FEI/9_semestre/ELD050-SISTEMAS EMBARCADOS/projeto/ros2_ws/build/ros2_mqtt/build --no-deps symlink_data[0m
[2.149s] [34mcolcon.colcon_core.shell[0m [1;30mINFO[0m Creating environment descriptor '/home/llagoeiro/Desktop/FEI/9_semestre/ELD050-SISTEMAS EMBARCADOS/projeto/ros2_ws/build/ros2_mqtt/share/ros2_mqtt/hook/pythonpath_develop.dsv'
[2.150s] [34mcolcon.colcon_core.shell[0m [1;30mINFO[0m Creating environment hook '/home/llagoeiro/Desktop/FEI/9_semestre/ELD050-SISTEMAS EMBARCADOS/projeto/ros2_ws/build/ros2_mqtt/share/ros2_mqtt/hook/pythonpath_develop.sh'
[2.154s] [34mcolcon.colcon_core.environment[0m [1;30mLevel 1[0m checking '/home/llagoeiro/Desktop/FEI/9_semestre/ELD050-SISTEMAS EMBARCADOS/projeto/ros2_ws/install/ros2_mqtt' for CMake module files
[2.155s] [34mcolcon.colcon_core.environment[0m [1;30mLevel 1[0m checking '/home/llagoeiro/Desktop/FEI/9_semestre/ELD050-SISTEMAS EMBARCADOS/projeto/ros2_ws/install/ros2_mqtt' for CMake config files
[2.155s] [34mcolcon.colcon_core.environment[0m [1;30mLevel 1[0m checking '/home/llagoeiro/Desktop/FEI/9_semestre/ELD050-SISTEMAS EMBARCADOS/projeto/ros2_ws/install/ros2_mqtt/lib'
[2.156s] [34mcolcon.colcon_core.environment[0m [1;30mLevel 1[0m checking '/home/llagoeiro/Desktop/FEI/9_semestre/ELD050-SISTEMAS EMBARCADOS/projeto/ros2_ws/install/ros2_mqtt/bin'
[2.156s] [34mcolcon.colcon_core.environment[0m [1;30mLevel 1[0m checking '/home/llagoeiro/Desktop/FEI/9_semestre/ELD050-SISTEMAS EMBARCADOS/projeto/ros2_ws/install/ros2_mqtt/lib/pkgconfig/ros2_mqtt.pc'
[2.156s] [34mcolcon.colcon_core.environment[0m [1;30mLevel 1[0m checking '/home/llagoeiro/Desktop/FEI/9_semestre/ELD050-SISTEMAS EMBARCADOS/projeto/ros2_ws/install/ros2_mqtt/lib/python3.10/site-packages'
[2.156s] [34mcolcon.colcon_core.shell[0m [1;30mLevel 1[0m create_environment_hook('ros2_mqtt', 'pythonpath')
[2.156s] [34mcolcon.colcon_core.shell[0m [1;30mINFO[0m Creating environment hook '/home/llagoeiro/Desktop/FEI/9_semestre/ELD050-SISTEMAS EMBARCADOS/projeto/ros2_ws/install/ros2_mqtt/share/ros2_mqtt/hook/pythonpath.ps1'
[2.157s] [34mcolcon.colcon_core.shell[0m [1;30mINFO[0m Creating environment descriptor '/home/llagoeiro/Desktop/FEI/9_semestre/ELD050-SISTEMAS EMBARCADOS/projeto/ros2_ws/install/ros2_mqtt/share/ros2_mqtt/hook/pythonpath.dsv'
[2.157s] [34mcolcon.colcon_core.shell[0m [1;30mINFO[0m Creating environment hook '/home/llagoeiro/Desktop/FEI/9_semestre/ELD050-SISTEMAS EMBARCADOS/projeto/ros2_ws/install/ros2_mqtt/share/ros2_mqtt/hook/pythonpath.sh'
[2.158s] [34mcolcon.colcon_core.environment[0m [1;30mLevel 1[0m checking '/home/llagoeiro/Desktop/FEI/9_semestre/ELD050-SISTEMAS EMBARCADOS/projeto/ros2_ws/install/ros2_mqtt/bin'
[2.158s] [34mcolcon.colcon_core.environment[0m [1;30mLevel 1[0m create_environment_scripts_only(ros2_mqtt)
[2.159s] [34mcolcon.colcon_core.shell[0m [1;30mINFO[0m Creating package script '/home/llagoeiro/Desktop/FEI/9_semestre/ELD050-SISTEMAS EMBARCADOS/projeto/ros2_ws/install/ros2_mqtt/share/ros2_mqtt/package.ps1'
[2.160s] [34mcolcon.colcon_core.shell[0m [1;30mINFO[0m Creating package descriptor '/home/llagoeiro/Desktop/FEI/9_semestre/ELD050-SISTEMAS EMBARCADOS/projeto/ros2_ws/install/ros2_mqtt/share/ros2_mqtt/package.dsv'
[2.161s] [34mcolcon.colcon_core.shell[0m [1;30mINFO[0m Creating package script '/home/llagoeiro/Desktop/FEI/9_semestre/ELD050-SISTEMAS EMBARCADOS/projeto/ros2_ws/install/ros2_mqtt/share/ros2_mqtt/package.sh'
[2.162s] [34mcolcon.colcon_core.shell[0m [1;30mINFO[0m Creating package script '/home/llagoeiro/Desktop/FEI/9_semestre/ELD050-SISTEMAS EMBARCADOS/projeto/ros2_ws/install/ros2_mqtt/share/ros2_mqtt/package.bash'
[2.162s] [34mcolcon.colcon_core.shell[0m [1;30mINFO[0m Creating package script '/home/llagoeiro/Desktop/FEI/9_semestre/ELD050-SISTEMAS EMBARCADOS/projeto/ros2_ws/install/ros2_mqtt/share/ros2_mqtt/package.zsh'
[2.163s] [34mcolcon.colcon_core.environment[0m [1;30mLevel 1[0m create_file_with_runtime_dependencies(/home/llagoeiro/Desktop/FEI/9_semestre/ELD050-SISTEMAS EMBARCADOS/projeto/ros2_ws/install/ros2_mqtt/share/colcon-core/packages/ros2_mqtt)
[2.163s] [34mcolcon.colcon_parallel_executor.executor.parallel[0m [1;30mDEBUG[0m [32mclosing loop[0m
[2.164s] [34mcolcon.colcon_parallel_executor.executor.parallel[0m [1;30mDEBUG[0m [32mloop closed[0m
[2.164s] [34mcolcon.colcon_parallel_executor.executor.parallel[0m [1;30mDEBUG[0m [32mrun_until_complete finished with '0'[0m
[2.164s] [34mcolcon.colcon_core.event_reactor[0m [1;30mDEBUG[0m [32mjoining thread[0m
[2.169s] [34mcolcon.colcon_core.plugin_system[0m [1;30mINFO[0m Skipping extension 'colcon_notification.desktop_notification.terminal_notifier': Not used on non-Darwin systems
[2.169s] [34mcolcon.colcon_core.plugin_system[0m [1;30mINFO[0m Skipping extension 'colcon_notification.desktop_notification.win32': Not used on non-Windows systems
[2.169s] [34mcolcon.colcon_notification.desktop_notification[0m [1;30mINFO[0m Sending desktop notification using 'notify2'
[2.204s] [34mcolcon.colcon_core.event_reactor[0m [1;30mDEBUG[0m [32mjoined thread[0m
[2.205s] [34mcolcon.colcon_core.shell[0m [1;30mINFO[0m Creating prefix script '/home/llagoeiro/Desktop/FEI/9_semestre/ELD050-SISTEMAS EMBARCADOS/projeto/ros2_ws/install/local_setup.ps1'
[2.206s] [34mcolcon.colcon_core.shell[0m [1;30mINFO[0m Creating prefix util module '/home/llagoeiro/Desktop/FEI/9_semestre/ELD050-SISTEMAS EMBARCADOS/projeto/ros2_ws/install/_local_setup_util_ps1.py'
[2.209s] [34mcolcon.colcon_core.shell[0m [1;30mINFO[0m Creating prefix chain script '/home/llagoeiro/Desktop/FEI/9_semestre/ELD050-SISTEMAS EMBARCADOS/projeto/ros2_ws/install/setup.ps1'
[2.210s] [34mcolcon.colcon_core.shell[0m [1;30mINFO[0m Creating prefix script '/home/llagoeiro/Desktop/FEI/9_semestre/ELD050-SISTEMAS EMBARCADOS/projeto/ros2_ws/install/local_setup.sh'
[2.212s] [34mcolcon.colcon_core.shell[0m [1;30mINFO[0m Creating prefix util module '/home/llagoeiro/Desktop/FEI/9_semestre/ELD050-SISTEMAS EMBARCADOS/projeto/ros2_ws/install/_local_setup_util_sh.py'
[2.214s] [34mcolcon.colcon_core.shell[0m [1;30mINFO[0m Creating prefix chain script '/home/llagoeiro/Desktop/FEI/9_semestre/ELD050-SISTEMAS EMBARCADOS/projeto/ros2_ws/install/setup.sh'
[2.215s] [34mcolcon.colcon_core.shell[0m [1;30mINFO[0m Creating prefix script '/home/llagoeiro/Desktop/FEI/9_semestre/ELD050-SISTEMAS EMBARCADOS/projeto/ros2_ws/install/local_setup.bash'
[2.216s] [34mcolcon.colcon_core.shell[0m [1;30mINFO[0m Creating prefix chain script '/home/llagoeiro/Desktop/FEI/9_semestre/ELD050-SISTEMAS EMBARCADOS/projeto/ros2_ws/install/setup.bash'
[2.218s] [34mcolcon.colcon_core.shell[0m [1;30mINFO[0m Creating prefix script '/home/llagoeiro/Desktop/FEI/9_semestre/ELD050-SISTEMAS EMBARCADOS/projeto/ros2_ws/install/local_setup.zsh'
[2.219s] [34mcolcon.colcon_core.shell[0m [1;30mINFO[0m Creating prefix chain script '/home/llagoeiro/Desktop/FEI/9_semestre/ELD050-SISTEMAS EMBARCADOS/projeto/ros2_ws/install/setup.zsh'
