/home/llagoeiro/.local/lib/python3.10/site-packages/setuptools/_distutils/dist.py:261: UserWarning: Unknown distribution option: 'tests_require'
  warnings.warn(msg)
running develop
running egg_info
creating ros2_mqtt.egg-info
writing ros2_mqtt.egg-info/PKG-INFO
writing dependency_links to ros2_mqtt.egg-info/dependency_links.txt
writing entry points to ros2_mqtt.egg-info/entry_points.txt
writing requirements to ros2_mqtt.egg-info/requires.txt
writing top-level names to ros2_mqtt.egg-info/top_level.txt
writing manifest file 'ros2_mqtt.egg-info/SOURCES.txt'
reading manifest file 'ros2_mqtt.egg-info/SOURCES.txt'
writing manifest file 'ros2_mqtt.egg-info/SOURCES.txt'
running build_ext
Creating /home/llagoeiro/Desktop/FEI/9_semestre/ELD050-SISTEMAS EMBARCADOS/projeto/ros2_ws/install/ros2_mqtt/lib/python3.10/site-packages/ros2-mqtt.egg-link (link to .)
Installing relay_ros2_mqtt script to /home/llagoeiro/Desktop/FEI/9_semestre/ELD050-SISTEMAS EMBARCADOS/projeto/ros2_ws/install/ros2_mqtt/lib/ros2_mqtt

Installed /home/llagoeiro/Desktop/FEI/9_semestre/ELD050-SISTEMAS EMBARCADOS/projeto/ros2_ws/build/ros2_mqtt
running symlink_data
creating /home/llagoeiro/Desktop/FEI/9_semestre/ELD050-SISTEMAS EMBARCADOS/projeto/ros2_ws/install/ros2_mqtt/share/ament_index/resource_index/packages
symbolically linking /home/llagoeiro/Desktop/FEI/9_semestre/ELD050-SISTEMAS EMBARCADOS/projeto/ros2_ws/build/ros2_mqtt/resource/ros2_mqtt -> /home/llagoeiro/Desktop/FEI/9_semestre/ELD050-SISTEMAS EMBARCADOS/projeto/ros2_ws/install/ros2_mqtt/share/ament_index/resource_index/packages
symbolically linking /home/llagoeiro/Desktop/FEI/9_semestre/ELD050-SISTEMAS EMBARCADOS/projeto/ros2_ws/build/ros2_mqtt/package.xml -> /home/llagoeiro/Desktop/FEI/9_semestre/ELD050-SISTEMAS EMBARCADOS/projeto/ros2_ws/install/ros2_mqtt/share/ros2_mqtt
creating /home/llagoeiro/Desktop/FEI/9_semestre/ELD050-SISTEMAS EMBARCADOS/projeto/ros2_ws/install/ros2_mqtt/share/ros2_mqtt/launch
symbolically linking /home/llagoeiro/Desktop/FEI/9_semestre/ELD050-SISTEMAS EMBARCADOS/projeto/ros2_ws/build/ros2_mqtt/launch/ros2_mqtt.launch.py -> /home/llagoeiro/Desktop/FEI/9_semestre/ELD050-SISTEMAS EMBARCADOS/projeto/ros2_ws/install/ros2_mqtt/share/ros2_mqtt/launch
symbolically linking /home/llagoeiro/Desktop/FEI/9_semestre/ELD050-SISTEMAS EMBARCADOS/projeto/ros2_ws/build/ros2_mqtt/launch/teleop_twist.launch.py -> /home/llagoeiro/Desktop/FEI/9_semestre/ELD050-SISTEMAS EMBARCADOS/projeto/ros2_ws/install/ros2_mqtt/share/ros2_mqtt/launch
creating /home/llagoeiro/Desktop/FEI/9_semestre/ELD050-SISTEMAS EMBARCADOS/projeto/ros2_ws/install/ros2_mqtt/share/ros2_mqtt/config
symbolically linking /home/llagoeiro/Desktop/FEI/9_semestre/ELD050-SISTEMAS EMBARCADOS/projeto/ros2_ws/build/ros2_mqtt/config/params.yaml -> /home/llagoeiro/Desktop/FEI/9_semestre/ELD050-SISTEMAS EMBARCADOS/projeto/ros2_ws/install/ros2_mqtt/share/ros2_mqtt/config
